<?xml version="1.0" encoding="UTF-8"?>
<testng-results ignored="0" total="1" passed="1" failed="0" skipped="0">
  <reporter-output>
  </reporter-output>
  <suite started-at="2023-12-25T12:13:24 EST" name="Sopencartuite" finished-at="2023-12-25T12:13:28 EST" duration-ms="4385">
    <groups>
      <group name="Master">
        <method signature="TC_002_LoginTest.test_Login()[pri:0, instance:testCases.TC_002_LoginTest@53045c6c]" name="test_Login" class="testCases.TC_002_LoginTest"/>
      </group> <!-- Master -->
      <group name="Sanity">
        <method signature="TC_002_LoginTest.test_Login()[pri:0, instance:testCases.TC_002_LoginTest@53045c6c]" name="test_Login" class="testCases.TC_002_LoginTest"/>
      </group> <!-- Sanity -->
    </groups>
    <test started-at="2023-12-25T12:13:24 EST" name="opencartTest" finished-at="2023-12-25T12:13:28 EST" duration-ms="4385">
      <class name="testCases.TC_002_LoginTest">
        <test-method is-config="true" signature="setup(java.lang.String)[pri:0, instance:testCases.TC_002_LoginTest@53045c6c]" started-at="2023-12-25T12:13:24 EST" name="setup" finished-at="2023-12-25T12:13:27 EST" duration-ms="3102" status="PASS">
          <params>
            <param index="0">
              <value>
                <![CDATA[chrome]]>
              </value>
            </param>
          </params>
          <reporter-output>
          </reporter-output>
        </test-method> <!-- setup -->
        <test-method signature="test_Login()[pri:0, instance:testCases.TC_002_LoginTest@53045c6c]" started-at="2023-12-25T12:13:27 EST" name="test_Login" finished-at="2023-12-25T12:13:28 EST" duration-ms="948" status="PASS">
          <reporter-output>
          </reporter-output>
        </test-method> <!-- test_Login -->
        <test-method is-config="true" signature="tearDown()[pri:0, instance:testCases.TC_002_LoginTest@53045c6c]" started-at="2023-12-25T12:13:28 EST" name="tearDown" finished-at="2023-12-25T12:13:28 EST" duration-ms="87" status="PASS">
          <reporter-output>
          </reporter-output>
        </test-method> <!-- tearDown -->
      </class> <!-- testCases.TC_002_LoginTest -->
    </test> <!-- opencartTest -->
  </suite> <!-- Sopencartuite -->
</testng-results>
